<?xml version="1.0" encoding="UTF-8"?>
<testsuite name="xf.xfvrp.opt.evaluation.EvaluationServiceStructureSpec" tests="3" skipped="0" failures="0" errors="0" timestamp="2017-08-03T21:39:23" hostname="Cyberlion.fritz.box" time="0.006">
  <properties/>
  <testcase name="Feasability - Starts not with DEPOT" classname="xf.xfvrp.opt.evaluation.EvaluationServiceStructureSpec" time="0.003"/>
  <testcase name="Feasability - Ends not with DEPOT" classname="xf.xfvrp.opt.evaluation.EvaluationServiceStructureSpec" time="0.001"/>
  <testcase name="Ignore empty routes" classname="xf.xfvrp.opt.evaluation.EvaluationServiceStructureSpec" time="0.002"/>
  <system-out><![CDATA[]]></system-out>
  <system-err><![CDATA[]]></system-err>
</testsuite>
