<?xml version="1.0" encoding="UTF-8"?>
<testsuite name="xf.xfvrp.opt.evaluation.EvaluationServiceStopSpec" tests="4" skipped="0" failures="0" errors="0" timestamp="2017-08-03T21:39:23" hostname="Cyberlion.fritz.box" time="0.006">
  <properties/>
  <testcase name="Max Stop count - Okay" classname="xf.xfvrp.opt.evaluation.EvaluationServiceStopSpec" time="0.002"/>
  <testcase name="Max Stop count - Not okay" classname="xf.xfvrp.opt.evaluation.EvaluationServiceStopSpec" time="0.001"/>
  <testcase name="Min Stop count - Okay" classname="xf.xfvrp.opt.evaluation.EvaluationServiceStopSpec" time="0.001"/>
  <testcase name="Min Stop count - Not okay" classname="xf.xfvrp.opt.evaluation.EvaluationServiceStopSpec" time="0.002"/>
  <system-out><![CDATA[]]></system-out>
  <system-err><![CDATA[]]></system-err>
</testsuite>
