<?xml version="1.0" encoding="UTF-8"?>
<testsuite name="xf.xfvrp.opt.improve.XFVRPPathMoveSpec" tests="10" skipped="0" failures="0" errors="0" timestamp="2017-08-03T21:39:23" hostname="Cyberlion.fritz.box" time="0.033">
  <properties/>
  <testcase name="Search single depot - No invert - Find improve" classname="xf.xfvrp.opt.improve.XFVRPPathMoveSpec" time="0.013"/>
  <testcase name="Search single depot - Long scenario - Find improve" classname="xf.xfvrp.opt.improve.XFVRPPathMoveSpec" time="0.001"/>
  <testcase name="Search single depot - Find No improve" classname="xf.xfvrp.opt.improve.XFVRPPathMoveSpec" time="0.001"/>
  <testcase name="Search single depot - Deactived invert - Not the right improve" classname="xf.xfvrp.opt.improve.XFVRPPathMoveSpec" time="0.003"/>
  <testcase name="Search multi depot - With invert - Find improve" classname="xf.xfvrp.opt.improve.XFVRPPathMoveSpec" time="0.008"/>
  <testcase name="Search - Deactivated invert - Not the rigth improve" classname="xf.xfvrp.opt.improve.XFVRPPathMoveSpec" time="0.002"/>
  <testcase name="Change with Invert" classname="xf.xfvrp.opt.improve.XFVRPPathMoveSpec" time="0.001"/>
  <testcase name="Change without Invert" classname="xf.xfvrp.opt.improve.XFVRPPathMoveSpec" time="0.001"/>
  <testcase name="Reverse Change - move to left" classname="xf.xfvrp.opt.improve.XFVRPPathMoveSpec" time="0.002"/>
  <testcase name="Reverse Change - move to right" classname="xf.xfvrp.opt.improve.XFVRPPathMoveSpec" time="0.001"/>
  <system-out><![CDATA[]]></system-out>
  <system-err><![CDATA[]]></system-err>
</testsuite>
