<?xml version="1.0" encoding="UTF-8"?>
<testsuite name="xf.xfvrp.opt.PathMoveSpec" tests="8" skipped="0" failures="0" errors="0" timestamp="2017-08-03T21:39:23" hostname="Cyberlion.fritz.box" time="0.022">
  <properties/>
  <testcase name="Regular path move - same position" classname="xf.xfvrp.opt.PathMoveSpec" time="0.001"/>
  <testcase name="Regular path move - all same" classname="xf.xfvrp.opt.PathMoveSpec" time="0.002"/>
  <testcase name="Regular path move - one route" classname="xf.xfvrp.opt.PathMoveSpec" time="0.001"/>
  <testcase name="Regular path move - two routes after src area" classname="xf.xfvrp.opt.PathMoveSpec" time="0.004"/>
  <testcase name="Regular path move - two routes before src area" classname="xf.xfvrp.opt.PathMoveSpec" time="0.001"/>
  <testcase name="Path move - at the border" classname="xf.xfvrp.opt.PathMoveSpec" time="0.005"/>
  <testcase name="Path move - with exception" classname="xf.xfvrp.opt.PathMoveSpec" time="0.006"/>
  <testcase name="Path move - negative area size" classname="xf.xfvrp.opt.PathMoveSpec" time="0.001"/>
  <system-out><![CDATA[]]></system-out>
  <system-err><![CDATA[]]></system-err>
</testsuite>
