<?xml version="1.0" encoding="UTF-8"?>
<testsuite name="xf.xfvrp.opt.improve.XFVRPSwapSegmentWithInvertSpec" tests="11" skipped="0" failures="0" errors="0" timestamp="2017-08-03T21:39:23" hostname="Cyberlion.fritz.box" time="0.055">
  <properties/>
  <testcase name="Search - No invert - Equal" classname="xf.xfvrp.opt.improve.XFVRPSwapSegmentWithInvertSpec" time="0.012"/>
  <testcase name="Search - No invert - Not Equal" classname="xf.xfvrp.opt.improve.XFVRPSwapSegmentWithInvertSpec" time="0.008"/>
  <testcase name="Search - Invert - Equal" classname="xf.xfvrp.opt.improve.XFVRPSwapSegmentWithInvertSpec" time="0.006"/>
  <testcase name="Search - Invert - Not Equal" classname="xf.xfvrp.opt.improve.XFVRPSwapSegmentWithInvertSpec" time="0.004"/>
  <testcase name="Search - Invert - Not Equal - With deactivated invert" classname="xf.xfvrp.opt.improve.XFVRPSwapSegmentWithInvertSpec" time="0.004"/>
  <testcase name="Search - Invert - Not Equal - With activated equal-condition" classname="xf.xfvrp.opt.improve.XFVRPSwapSegmentWithInvertSpec" time="0.01"/>
  <testcase name="Search - Invert - Not Equal - No improvement" classname="xf.xfvrp.opt.improve.XFVRPSwapSegmentWithInvertSpec" time="0.003"/>
  <testcase name="Change with Both Invert" classname="xf.xfvrp.opt.improve.XFVRPSwapSegmentWithInvertSpec" time="0.002"/>
  <testcase name="Change with Both Invert - Not equal" classname="xf.xfvrp.opt.improve.XFVRPSwapSegmentWithInvertSpec" time="0.003"/>
  <testcase name="Change without Invert" classname="xf.xfvrp.opt.improve.XFVRPSwapSegmentWithInvertSpec" time="0.002"/>
  <testcase name="Reverse Change" classname="xf.xfvrp.opt.improve.XFVRPSwapSegmentWithInvertSpec" time="0.001"/>
  <system-out><![CDATA[]]></system-out>
  <system-err><![CDATA[]]></system-err>
</testsuite>
