<?xml version="1.0" encoding="UTF-8"?>
<testsuite name="xf.xfvrp.base.NormalizeSpec" tests="10" skipped="0" failures="0" errors="0" timestamp="2017-08-03T21:39:23" hostname="Cyberlion.fritz.box" time="0.152">
  <properties/>
  <testcase name="Regular normalize - no empty routes" classname="xf.xfvrp.base.NormalizeSpec" time="0.134"/>
  <testcase name="Regular normalize - one empty route" classname="xf.xfvrp.base.NormalizeSpec" time="0.002"/>
  <testcase name="Regular normalize - two empty routes (1)" classname="xf.xfvrp.base.NormalizeSpec" time="0.002"/>
  <testcase name="Regular normalize - two empty routes (2)" classname="xf.xfvrp.base.NormalizeSpec" time="0.001"/>
  <testcase name="Regular normalize - With replenishs" classname="xf.xfvrp.base.NormalizeSpec" time="0.002"/>
  <testcase name="Regular normalize - With empty replenishs" classname="xf.xfvrp.base.NormalizeSpec" time="0.001"/>
  <testcase name="Regular normalize - With more empty replenishs" classname="xf.xfvrp.base.NormalizeSpec" time="0.004"/>
  <testcase name="Irregular normalize - model null" classname="xf.xfvrp.base.NormalizeSpec" time="0.004"/>
  <testcase name="Irregular normalize - giant route null" classname="xf.xfvrp.base.NormalizeSpec" time="0.001"/>
  <testcase name="Irregular normalize - empty giant route" classname="xf.xfvrp.base.NormalizeSpec" time="0.0"/>
  <system-out><![CDATA[]]></system-out>
  <system-err><![CDATA[]]></system-err>
</testsuite>
