<?xml version="1.0" encoding="UTF-8"?>
<testsuite name="xf.xfvrp.opt.MoveSpec" tests="6" skipped="0" failures="0" errors="0" timestamp="2017-08-03T21:39:23" hostname="Cyberlion.fritz.box" time="0.007">
  <properties/>
  <testcase name="Regular move - same position" classname="xf.xfvrp.opt.MoveSpec" time="0.001"/>
  <testcase name="Regular move - no change" classname="xf.xfvrp.opt.MoveSpec" time="0.001"/>
  <testcase name="Regular move - one route" classname="xf.xfvrp.opt.MoveSpec" time="0.002"/>
  <testcase name="Regular move - two routes" classname="xf.xfvrp.opt.MoveSpec" time="0.001"/>
  <testcase name="Move - at the border" classname="xf.xfvrp.opt.MoveSpec" time="0.001"/>
  <testcase name="Move - with exception" classname="xf.xfvrp.opt.MoveSpec" time="0.001"/>
  <system-out><![CDATA[]]></system-out>
  <system-err><![CDATA[]]></system-err>
</testsuite>
