<?xml version="1.0" encoding="UTF-8"?>
<testsuite name="xf.xfvrp.opt.ExchangeSpec" tests="5" skipped="0" failures="0" errors="0" timestamp="2017-08-03T21:39:23" hostname="Cyberlion.fritz.box" time="0.011">
  <properties/>
  <testcase name="Regular exchange - same position" classname="xf.xfvrp.opt.ExchangeSpec" time="0.009"/>
  <testcase name="Regular exchange - one route" classname="xf.xfvrp.opt.ExchangeSpec" time="0.0"/>
  <testcase name="Regular exchange - two routes" classname="xf.xfvrp.opt.ExchangeSpec" time="0.001"/>
  <testcase name="Exchange - at the border" classname="xf.xfvrp.opt.ExchangeSpec" time="0.001"/>
  <testcase name="Exchange - with exception" classname="xf.xfvrp.opt.ExchangeSpec" time="0.0"/>
  <system-out><![CDATA[]]></system-out>
  <system-err><![CDATA[]]></system-err>
</testsuite>
